Performing system checks...

System check identified no issues (0 silenced).
September 10, 2016 - 08:57:51
Django version 1.9.5, using settings 'pgic.settings'
Starting development server at http://127.0.0.1:8000/
Quit the server with CONTROL-C.
Performing system checks...

System check identified no issues (0 silenced).
September 10, 2016 - 08:58:23
Django version 1.9.5, using settings 'pgic.settings'
Starting development server at http://127.0.0.1:8000/
Quit the server with CONTROL-C.
Performing system checks...

System check identified no issues (0 silenced).
September 10, 2016 - 09:00:18
Django version 1.9.5, using settings 'pgic.settings'
Starting development server at http://127.0.0.1:8000/
Quit the server with CONTROL-C.
Performing system checks...

System check identified no issues (0 silenced).
September 10, 2016 - 09:00:52
Django version 1.9.5, using settings 'pgic.settings'
Starting development server at http://127.0.0.1:8000/
Quit the server with CONTROL-C.
Performing system checks...

System check identified no issues (0 silenced).
September 10, 2016 - 09:04:05
Django version 1.9.5, using settings 'pgic.settings'
Starting development server at http://127.0.0.1:8000/
Quit the server with CONTROL-C.
